<?xml version="1.0" encoding="UTF-8"?>
<testsuite name="specifications.BaseSeleniumTest" tests="1" skipped="0" failures="0" errors="0" timestamp="2023-03-17T15:36:36" hostname="DESKTOP-3I8JO16" time="6.528">
  <properties/>
  <testcase name="checkUrl()" classname="specifications.BaseSeleniumTest" time="6.528"/>
  <system-out><![CDATA[]]></system-out>
  <system-err><![CDATA[SLF4J: No SLF4J providers were found.
SLF4J: Defaulting to no-operation (NOP) logger implementation
SLF4J: See https://www.slf4j.org/codes.html#noProviders for further details.
Starting ChromeDriver 111.0.5563.64 (c710e93d5b63b7095afe8c2c17df34408078439d-refs/branch-heads/5563@{#995}) on port 5835
Only local connections are allowed.
Please see https://chromedriver.chromium.org/security-considerations for suggestions on keeping ChromeDriver safe.
ChromeDriver was started successfully.
мар. 17, 2023 6:36:38 PM org.openqa.selenium.devtools.CdpVersionFinder findNearestMatch
WARNING: Unable to find an exact match for CDP version 111, so returning the closest version found: 109
]]></system-err>
</testsuite>
